13.02.2025 - 16:25:48 - [TAB v5.0.6] Blocked attempt to add player bomboglagla into team 6000gang (expected team: 6bomboglaglaA)
13.02.2025 - 16:29:13 - [TAB v5.0.6] Blocked attempt to add player bomboglagla into team 6000pros (expected team: 6bomboglaglaA)
13.02.2025 - 18:37:47 - [TAB v5.0.6] Blocked attempt to add player bomboglagla into team 6000pros (expected team: 6bomboglaglaA)
13.02.2025 - 20:58:08 - [TAB v5.0.6] Blocked attempt to add player HEISENBERG_I into team 6000pros (expected team: 6HEISENBERG_IA)
14.02.2025 - 13:48:24 - [TAB v5.0.6] Blocked attempt to add player bomboglagla into team 6000pros (expected team: 6bomboglaglaA)
14.02.2025 - 13:51:41 - [TAB v5.0.6] Blocked attempt to add player bomboglagla into team 6000pros (expected team: 6bomboglaglaA)
15.02.2025 - 10:28:10 - [TAB v5.0.6] Blocked attempt to add player bomboglagla into team 6000pros1 (expected team: 6bomboglaglaA)
15.02.2025 - 10:32:08 - [TAB v5.0.6] Blocked attempt to add player Prutteministeren into team 6000pros1 (expected team: 6PrutteministerA)
15.02.2025 - 19:32:41 - [TAB v5.0.6] Blocked attempt to add player bomboglagla into team 6000pros1 (expected team: 6bomboglaglaA)
15.02.2025 - 19:33:16 - [TAB v5.0.6] Blocked attempt to add player Soul_CreeperCC into team axis (expected team: 6Soul_CreeperCCA)
15.02.2025 - 19:33:52 - [TAB v5.0.6] Blocked attempt to add player Soul_CreeperCC into team AXIS (expected team: 6Soul_CreeperCCA)
15.02.2025 - 19:47:29 - [TAB v5.0.6] Blocked attempt to add player HEISENBERG_I into team 6000pros1 (expected team: 6HEISENBERG_IA)
15.02.2025 - 20:06:23 - [TAB v5.0.6] Blocked attempt to add player bomboglagla into team 6000pros1 (expected team: 6bomboglaglaA)
15.02.2025 - 20:19:04 - [TAB v5.0.6] Blocked attempt to add player Soul_CreeperCC into team AXIS (expected team: 6Soul_CreeperCCA)
15.02.2025 - 20:30:27 - [TAB v5.0.6] Blocked attempt to add player bomboglagla into team 6000pros1 (expected team: 6bomboglaglaA)
15.02.2025 - 20:30:47 - [TAB v5.0.6] Blocked attempt to add player Soul_CreeperCC into team AXIS (expected team: 6Soul_CreeperCCA)
16.02.2025 - 10:13:01 - [TAB v5.0.6] Blocked attempt to add player bomboglagla into team 6000pros2 (expected team: 6bomboglaglaA)
16.02.2025 - 10:13:04 - [TAB v5.0.6] Blocked attempt to add player Prutteministeren into team 6000pros2 (expected team: 6PrutteministerA)
16.02.2025 - 10:13:37 - [TAB v5.0.6] Blocked attempt to add player bomboglagla into team 6000pros2 (expected team: 6bomboglaglaA)
16.02.2025 - 10:13:43 - [TAB v5.0.6] Blocked attempt to add player Prutteministeren into team 6000pros2 (expected team: 6PrutteministerA)
16.02.2025 - 10:17:17 - [TAB v5.0.6] Blocked attempt to add player bomboglagla into team 6000pros2 (expected team: 6bomboglaglaA)
16.02.2025 - 10:17:23 - [TAB v5.0.6] Blocked attempt to add player Prutteministeren into team 6000pros2 (expected team: 6PrutteministerA)
16.02.2025 - 11:06:02 - [TAB v5.0.6] Blocked attempt to add player FurbuNP into team Scouts (expected team: 6FurbuNPA)
16.02.2025 - 11:29:13 - [TAB v5.0.6] Blocked attempt to add player TwitchBesi into team thebest (expected team: 6TwitchBesiA)
16.02.2025 - 12:01:45 - [TAB v5.0.6] Blocked attempt to add player Olliebuildz into team thebest (expected team: 6OlliebuildzA)
16.02.2025 - 12:05:44 - [TAB v5.0.6] Blocked attempt to add player Prutteministeren into team 6000pros2 (expected team: 6PrutteministerA)
16.02.2025 - 12:47:06 - [TAB v5.0.6] Blocked attempt to add player TwitchBesi into team thebest (expected team: 6TwitchBesiA)
16.02.2025 - 12:47:11 - [TAB v5.0.6] Blocked attempt to add player tophormreal into team 6000pros2 (expected team: 6tophormrealA)
16.02.2025 - 12:47:22 - [TAB v5.0.6] Blocked attempt to add player TwitchBesi into team thebest (expected team: 6TwitchBesiA)
16.02.2025 - 12:48:50 - [TAB v5.0.6] Blocked attempt to add player tophormreal into team 6000pros2 (expected team: 6tophormrealA)
16.02.2025 - 13:04:13 - [TAB v5.0.6] Blocked attempt to add player Olliebuildz into team solo (expected team: 6OlliebuildzA)
16.02.2025 - 13:23:42 - [TAB v5.0.6] Blocked attempt to add player Olliebuildz into team 6000pros2 (expected team: 6OlliebuildzA)
16.02.2025 - 13:59:15 - [TAB v5.0.6] Blocked attempt to add player TwitchBesi into team thebest (expected team: 6TwitchBesiA)
16.02.2025 - 14:12:09 - [TAB v5.0.6] Blocked attempt to add player Mu_bloxi into team thebest (expected team: 6Mu_bloxiA)
16.02.2025 - 14:17:02 - [TAB v5.0.6] Blocked attempt to add player Mu_bloxi into team thebest (expected team: 6Mu_bloxiA)
16.02.2025 - 14:18:45 - [TAB v5.0.6] Blocked attempt to add player TwitchBesi into team thebest (expected team: 6TwitchBesiA)
16.02.2025 - 14:19:35 - [TAB v5.0.6] Blocked attempt to add player bomboglagla into team 6000pros2 (expected team: 6bomboglaglaA)
16.02.2025 - 14:20:55 - [TAB v5.0.6] Blocked attempt to add player Olliebuildz into team 6000pros2 (expected team: 6OlliebuildzA)
16.02.2025 - 14:20:57 - [TAB v5.0.6] Blocked attempt to add player Mu_bloxi into team thebest (expected team: 6Mu_bloxiA)
16.02.2025 - 14:26:10 - [TAB v5.0.6] Blocked attempt to add player JESUS_IS_KING_77 into team Kings (expected team: 6JESUS_IS_KING_A)
16.02.2025 - 14:26:10 - [TAB v5.0.6] Blocked attempt to add player JESUS_IS_KING_77 into team Kings (expected team: 6JESUS_IS_KING_A)
16.02.2025 - 14:31:40 - [TAB v5.0.6] Blocked attempt to add player Mu_bloxi into team thebest (expected team: 6Mu_bloxiA)
16.02.2025 - 14:37:58 - [TAB v5.0.6] Blocked attempt to add player Prutteministeren into team 6000pros2 (expected team: 6PrutteministerA)
16.02.2025 - 14:56:33 - [TAB v5.0.6] Blocked attempt to add player Mu_bloxi into team thebest (expected team: 6Mu_bloxiA)
16.02.2025 - 14:58:07 - [TAB v5.0.6] Blocked attempt to add player Olliebuildz into team solo (expected team: 6OlliebuildzA)
16.02.2025 - 14:58:07 - [TAB v5.0.6] Blocked attempt to add player Olliebuildz into team solo (expected team: 6OlliebuildzA)
16.02.2025 - 15:14:19 - [TAB v5.0.6] Blocked attempt to add player JESUS_IS_KING_77 into team Kings (expected team: 6JESUS_IS_KING_A)
16.02.2025 - 15:14:23 - [TAB v5.0.6] Blocked attempt to add player uilzyy into team Kings (expected team: 6uilzyyA)
16.02.2025 - 15:14:30 - [TAB v5.0.6] Blocked attempt to add player Mu_bloxi into team thebest (expected team: 6Mu_bloxiA)
16.02.2025 - 15:16:52 - [TAB v5.0.6] Blocked attempt to add player bomboglagla into team 6000pros2 (expected team: 6bomboglaglaA)
16.02.2025 - 15:18:45 - [TAB v5.0.6] Blocked attempt to add player JESUS_IS_KING_77 into team Kings (expected team: 6JESUS_IS_KING_A)
16.02.2025 - 15:19:48 - [TAB v5.0.6] Blocked attempt to add player Soul_CreeperCC into team AXIS (expected team: 6Soul_CreeperCCA)
16.02.2025 - 15:20:20 - [TAB v5.0.6] Blocked attempt to add player Olliebuildz into team solo (expected team: 6OlliebuildzA)
16.02.2025 - 15:27:20 - [TAB v5.0.6] Blocked attempt to add player Mu_bloxi into team thebest (expected team: 6Mu_bloxiA)
16.02.2025 - 15:44:48 - [TAB v5.0.6] Blocked attempt to add player uilzyy into team Kings (expected team: 6uilzyyA)
16.02.2025 - 15:44:50 - [TAB v5.0.6] Blocked attempt to add player Sidauskis into team AXIS (expected team: 6SidauskisA)
16.02.2025 - 15:51:34 - [TAB v5.0.6] Blocked attempt to add player uilzyy into team Sigmas (expected team: 6uilzyyA)
16.02.2025 - 15:54:50 - [TAB v5.0.6] Blocked attempt to add player Olliebuildz into team solo (expected team: 6OlliebuildzA)
16.02.2025 - 16:01:03 - [TAB v5.0.6] Blocked attempt to add player sxyncues into team mky (expected team: 6sxyncuesA)
16.02.2025 - 16:11:19 - [TAB v5.0.6] Blocked attempt to add player Olliebuildz into team solo (expected team: 6OlliebuildzA)
16.02.2025 - 16:16:44 - [TAB v5.0.6] Blocked attempt to add player Soul_CreeperCC into team AXIS (expected team: 6Soul_CreeperCCA)
16.02.2025 - 16:46:53 - [TAB v5.0.6] Blocked attempt to add player uilzyy into team Sigmas (expected team: 6uilzyyA)
16.02.2025 - 16:55:04 - [TAB v5.0.6] Blocked attempt to add player Olliebuildz into team solo (expected team: 6OlliebuildzA)
16.02.2025 - 16:55:04 - [TAB v5.0.6] Blocked attempt to add player Olliebuildz into team solo (expected team: 6OlliebuildzA)
16.02.2025 - 17:14:49 - [TAB v5.0.6] Blocked attempt to add player uilzyy into team Sigmas1 (expected team: 6uilzyyA)
16.02.2025 - 17:15:08 - [TAB v5.0.6] Blocked attempt to add player bomboglagla into team Sigmas1 (expected team: 6bomboglaglaA)
16.02.2025 - 17:15:19 - [TAB v5.0.6] Blocked attempt to add player Prutteministeren into team Sigmas1 (expected team: 6PrutteministerA)
16.02.2025 - 17:20:00 - [TAB v5.0.6] Blocked attempt to add player Olliebuildz into team solo1 (expected team: 6OlliebuildzA)
16.02.2025 - 17:22:26 - [TAB v5.0.6] Blocked attempt to add player uilzyy into team Sigmas1 (expected team: 6uilzyyA)
16.02.2025 - 17:23:19 - [TAB v5.0.6] Blocked attempt to add player yxzgary into team whatsafather (expected team: 6yxzgaryA)
16.02.2025 - 17:23:19 - [TAB v5.0.6] Blocked attempt to add player yxzgary into team whatsafather (expected team: 6yxzgaryA)
16.02.2025 - 17:30:23 - [TAB v5.0.6] Blocked attempt to add player FeyaItaly into team roma (expected team: 6FeyaItalyA)
16.02.2025 - 17:38:32 - [TAB v5.0.6] Blocked attempt to add player Sidauskis into team AXIS (expected team: 6SidauskisA)
16.02.2025 - 17:39:46 - [TAB v5.0.6] Blocked attempt to add player uilzyy into team Sigmas1 (expected team: 6uilzyyA)
16.02.2025 - 17:43:21 - [TAB v5.0.6] Blocked attempt to add player FeyaItaly into team roma (expected team: 6FeyaItalyA)
16.02.2025 - 17:55:09 - [TAB v5.0.6] Blocked attempt to add player uilzyy into team Sigmas1 (expected team: 6uilzyyA)
16.02.2025 - 17:55:27 - [TAB v5.0.6] Blocked attempt to add player Olliebuildz into team solo1 (expected team: 6OlliebuildzA)
16.02.2025 - 17:55:29 - [TAB v5.0.6] Blocked attempt to add player Sidauskis into team AXIS (expected team: 6SidauskisA)
16.02.2025 - 18:01:20 - [TAB v5.0.6] Blocked attempt to add player Olliebuildz into team solo1 (expected team: 6OlliebuildzA)
16.02.2025 - 18:01:32 - [TAB v5.0.6] Blocked attempt to add player uilzyy into team Sigmas1 (expected team: 6uilzyyA)
16.02.2025 - 18:01:41 - [TAB v5.0.6] Blocked attempt to add player Sidauskis into team AXIS (expected team: 6SidauskisA)
16.02.2025 - 18:01:48 - [TAB v5.0.6] Blocked attempt to add player Prutteministeren into team Sigmas1 (expected team: 6PrutteministerA)
16.02.2025 - 18:02:39 - [TAB v5.0.6] Blocked attempt to add player bomboglagla into team Sigmas1 (expected team: 6bomboglaglaA)
16.02.2025 - 18:35:13 - [TAB v5.0.6] Blocked attempt to add player bomboglagla into team Sigmas1 (expected team: 6bomboglaglaA)
16.02.2025 - 18:35:14 - [TAB v5.0.6] Blocked attempt to add player Sidauskis into team AXIS (expected team: 6SidauskisA)
16.02.2025 - 18:35:14 - [TAB v5.0.6] Blocked attempt to add player Prutteministeren into team Sigmas1 (expected team: 6PrutteministerA)
16.02.2025 - 18:35:33 - [TAB v5.0.6] Blocked attempt to add player uilzyy into team Sigmas1 (expected team: 6uilzyyA)
16.02.2025 - 18:35:39 - [TAB v5.0.6] Blocked attempt to add player Olliebuildz into team solo1 (expected team: 6OlliebuildzA)
16.02.2025 - 18:40:23 - [TAB v5.0.6] Blocked attempt to add player Sidauskis into team AXIS (expected team: 6SidauskisA)
16.02.2025 - 18:46:56 - [TAB v5.0.6] Blocked attempt to add player TwitchBesi into team thebest (expected team: 6TwitchBesiA)
16.02.2025 - 18:51:46 - [TAB v5.0.6] Blocked attempt to add player Olliebuildz into team solo1 (expected team: 6OlliebuildzA)
16.02.2025 - 18:52:04 - [TAB v5.0.6] Blocked attempt to add player bomboglagla into team Sigmas1 (expected team: 6bomboglaglaA)
16.02.2025 - 18:52:25 - [TAB v5.0.6] Blocked attempt to add player Olliebuildz into team solo1 (expected team: 6OlliebuildzA)
16.02.2025 - 18:55:46 - [TAB v5.0.6] Blocked attempt to add player Prutteministeren into team Sigmas1 (expected team: 6PrutteministerA)
16.02.2025 - 18:57:45 - [TAB v5.0.6] Blocked attempt to add player uilzyy into team Sigmas1 (expected team: 6uilzyyA)
16.02.2025 - 19:33:00 - [TAB v5.0.6] Blocked attempt to add player Olliebuildz into team solo2 (expected team: 6OlliebuildzA)
16.02.2025 - 19:33:33 - [TAB v5.0.6] Blocked attempt to add player bomboglagla into team Sigmas2 (expected team: 6bomboglaglaA)
16.02.2025 - 19:37:18 - [TAB v5.0.6] Blocked attempt to add player uilzyy into team Sigmas2 (expected team: 6uilzyyA)
16.02.2025 - 19:53:58 - [TAB v5.0.6] Blocked attempt to add player Prutteministeren into team Sigmas2 (expected team: 6PrutteministerA)
16.02.2025 - 19:56:21 - [TAB v5.0.6] Blocked attempt to add player danswindle into team silk (expected team: 6danswindleA)
16.02.2025 - 20:11:01 - [TAB v5.0.6] Blocked attempt to add player ZaneXCV1945 into team silk (expected team: 6ZaneXCV1945A)
17.02.2025 - 12:34:49 - [TAB v5.0.6] Blocked attempt to add player Olliebuildz into team solo2 (expected team: 6OlliebuildzA)
17.02.2025 - 12:38:59 - [TAB v5.0.6] Blocked attempt to add player uilzyy into team Sigmas2 (expected team: 6uilzyyA)
17.02.2025 - 12:47:38 - [TAB v5.0.6] Blocked attempt to add player uilzyy into team Sigmas2 (expected team: 6uilzyyA)
17.02.2025 - 12:48:57 - [TAB v5.0.6] Blocked attempt to add player TwitchBesi into team thebest (expected team: 6TwitchBesiA)
17.02.2025 - 12:50:11 - [TAB v5.0.6] Blocked attempt to add player uilzyy into team Sigmas2 (expected team: 6uilzyyA)
17.02.2025 - 12:50:33 - [TAB v5.0.6] Blocked attempt to add player Olliebuildz into team solo2 (expected team: 6OlliebuildzA)
17.02.2025 - 12:51:27 - [TAB v5.0.6] Blocked attempt to add player ClownPierce600 into team TheHunters (expected team: 6ClownPierce600A)
17.02.2025 - 12:51:50 - [TAB v5.0.6] Blocked attempt to add player krutoi23 into team freaky (expected team: 6krutoi23A)
17.02.2025 - 12:55:17 - [TAB v5.0.6] Blocked attempt to add player Sidauskis into team AXIS (expected team: 6SidauskisA)
17.02.2025 - 13:05:12 - [TAB v5.0.6] Blocked attempt to add player uilzyy into team Sigmas2 (expected team: 6uilzyyA)
17.02.2025 - 13:05:19 - [TAB v5.0.6] Blocked attempt to add player ClownPierce600 into team TheHunters (expected team: 6ClownPierce600A)
17.02.2025 - 13:05:20 - [TAB v5.0.6] Blocked attempt to add player krutoi23 into team freaky (expected team: 6krutoi23A)
17.02.2025 - 13:05:39 - [TAB v5.0.6] Blocked attempt to add player Sidauskis into team AXIS (expected team: 6SidauskisA)
17.02.2025 - 13:05:40 - [TAB v5.0.6] Blocked attempt to add player Olliebuildz into team solo2 (expected team: 6OlliebuildzA)
17.02.2025 - 13:06:06 - [TAB v5.0.6] Blocked attempt to add player TwitchBesi into team Sigmas2 (expected team: 6TwitchBesiA)
17.02.2025 - 13:07:41 - [TAB v5.0.6] Blocked attempt to add player uilzyy into team Sigmas2 (expected team: 6uilzyyA)
17.02.2025 - 13:12:46 - [TAB v5.0.6] Blocked attempt to add player FurbuNP into team Scouts (expected team: 6FurbuNPA)
17.02.2025 - 13:24:21 - [TAB v5.0.6] Blocked attempt to add player krutoi23 into team freaky (expected team: 6krutoi23A)
17.02.2025 - 13:24:40 - [TAB v5.0.6] Blocked attempt to add player ClownPierce600 into team TheHunters (expected team: 6ClownPierce600A)
17.02.2025 - 13:29:43 - [TAB v5.0.6] Blocked attempt to add player krutoi23 into team freaky (expected team: 6krutoi23A)
17.02.2025 - 13:38:10 - [TAB v5.0.6] Blocked attempt to add player uilzyy into team Sigmas2 (expected team: 6uilzyyA)
17.02.2025 - 13:42:24 - [TAB v5.0.6] Blocked attempt to add player krutoi23 into team freaky (expected team: 6krutoi23A)
17.02.2025 - 13:45:11 - [TAB v5.0.6] Blocked attempt to add player Sidauskis into team AXIS (expected team: 6SidauskisA)
17.02.2025 - 13:47:17 - [TAB v5.0.6] Blocked attempt to add player ClownPierce600 into team TheHunters (expected team: 6ClownPierce600A)
17.02.2025 - 13:47:23 - [TAB v5.0.6] Blocked attempt to add player Sidauskis into team AXIS (expected team: 6SidauskisA)
17.02.2025 - 13:51:15 - [TAB v5.0.6] Blocked attempt to add player uilzyy into team Sigmas2 (expected team: 6uilzyyA)
17.02.2025 - 13:54:56 - [TAB v5.0.6] Blocked attempt to add player Sidauskis into team AXIS (expected team: 6SidauskisA)
17.02.2025 - 14:20:59 - [TAB v5.0.6] Blocked attempt to add player whatspoppin876 into team TheHunters (expected team: 6whatspoppin876A)
17.02.2025 - 14:26:29 - [TAB v5.0.6] Blocked attempt to add player uilzyy into team Sigmas2 (expected team: 6uilzyyA)
17.02.2025 - 15:04:25 - [TAB v5.0.6] Blocked attempt to add player Sidauskis into team AXIS (expected team: 6SidauskisA)
17.02.2025 - 15:05:45 - [TAB v5.0.6] Blocked attempt to add player whatspoppin876 into team TheHunters (expected team: 6whatspoppin876A)
17.02.2025 - 15:10:47 - [TAB v5.0.6] Blocked attempt to add player krutoi23 into team freaky (expected team: 6krutoi23A)
17.02.2025 - 15:11:04 - [TAB v5.0.6] Blocked attempt to add player mullvadwarrior into team solo2 (expected team: 6mullvadwarriorA)
17.02.2025 - 15:11:17 - [TAB v5.0.6] Blocked attempt to add player krutoi23 into team freaky (expected team: 6krutoi23A)
17.02.2025 - 15:49:43 - [TAB v5.0.6] Blocked attempt to add player krutoi23 into team freaky (expected team: 6krutoi23A)
17.02.2025 - 15:50:12 - [TAB v5.0.6] Blocked attempt to add player mullvadwarrior into team solo2 (expected team: 6mullvadwarriorA)
17.02.2025 - 15:50:27 - [TAB v5.0.6] Blocked attempt to add player krutoi23 into team freaky (expected team: 6krutoi23A)
17.02.2025 - 15:50:30 - [TAB v5.0.6] Blocked attempt to add player mullvadwarrior into team solo2 (expected team: 6mullvadwarriorA)
17.02.2025 - 15:51:00 - [TAB v5.0.6] Blocked attempt to add player krutoi23 into team freaky (expected team: 6krutoi23A)
17.02.2025 - 15:52:48 - [TAB v5.0.6] Blocked attempt to add player Sidauskis into team AXIS (expected team: 6SidauskisA)
17.02.2025 - 15:52:57 - [TAB v5.0.6] Blocked attempt to add player krutoi23 into team freaky (expected team: 6krutoi23A)
17.02.2025 - 15:56:32 - [TAB v5.0.6] Blocked attempt to add player Olliebuildz into team solo2 (expected team: 6OlliebuildzA)
17.02.2025 - 15:56:47 - [TAB v5.0.6] Blocked attempt to add player krutoi23 into team freaky (expected team: 6krutoi23A)
17.02.2025 - 15:57:28 - [TAB v5.0.6] Blocked attempt to add player Olliebuildz into team solo2 (expected team: 6OlliebuildzA)
17.02.2025 - 16:03:44 - [TAB v5.0.6] Blocked attempt to add player sseith13 into team HeadHunters (expected team: 6sseith13A)
17.02.2025 - 16:09:50 - [TAB v5.0.6] Blocked attempt to add player yournotcoolbuddy into team solo2 (expected team: 6yournotcoolbudA)
17.02.2025 - 16:11:11 - [TAB v5.0.6] Blocked attempt to add player Sidauskis into team AXIS (expected team: 6SidauskisA)
17.02.2025 - 16:27:04 - [TAB v5.0.6] Blocked attempt to add player whatspoppin876 into team TheHunters (expected team: 6whatspoppin876A)
17.02.2025 - 16:33:53 - [TAB v5.0.6] Blocked attempt to add player krutoi23 into team freaky (expected team: 6krutoi23A)
17.02.2025 - 16:35:29 - [TAB v5.0.6] Blocked attempt to add player mullvadwarrior into team solo2 (expected team: 6mullvadwarriorA)
17.02.2025 - 16:39:25 - [TAB v5.0.6] Blocked attempt to add player krutoi23 into team freaky (expected team: 6krutoi23A)
17.02.2025 - 17:02:47 - [TAB v5.0.6] Blocked attempt to add player Sidauskis into team AXIS (expected team: 6SidauskisA)
